0 info it worked if it ends with ok
1 verbose cli [ 'node', '/usr/local/bin/npm', 'install', '-g', 'hexo' ]
2 info using npm@2.11.3
3 info using node@v0.12.7
4 verbose install initial load of /usr/local/lib/package.json
5 verbose readDependencies loading dependencies from /usr/local/lib/package.json
6 silly cache add args [ 'hexo', null ]
7 verbose cache add spec hexo
8 silly cache add parsed spec { raw: 'hexo',
8 silly cache add   scope: null,
8 silly cache add   name: 'hexo',
8 silly cache add   rawSpec: '',
8 silly cache add   spec: '*',
8 silly cache add   type: 'range' }
9 silly addNamed hexo@*
10 verbose addNamed "*" is a valid semver range for hexo
11 silly addNameRange { name: 'hexo', range: '*', hasData: false }
12 silly mapToRegistry name hexo
13 silly mapToRegistry using default registry
14 silly mapToRegistry registry https://registry.npmjs.org/
15 silly mapToRegistry uri https://registry.npmjs.org/hexo
16 verbose addNameRange registry:https://registry.npmjs.org/hexo not in flight; fetching
17 verbose request uri https://registry.npmjs.org/hexo
18 verbose request no auth needed
19 info attempt registry request try #1 at 21:21:43
20 verbose request id 1a874d80d3d4191e
21 http request GET https://registry.npmjs.org/hexo
22 http 200 https://registry.npmjs.org/hexo
23 silly get cb [ 200,
23 silly get   { server: 'CouchDB/1.5.0 (Erlang OTP/R16B03)',
23 silly get     etag: '"80BAQXHMA3BFH2YLQ7HEWBDVB"',
23 silly get     'content-type': 'application/json',
23 silly get     'cache-control': 'max-age=60',
23 silly get     'content-length': '153139',
23 silly get     'accept-ranges': 'bytes',
23 silly get     date: 'Mon, 31 Aug 2015 13:21:44 GMT',
23 silly get     via: '1.1 varnish',
23 silly get     age: '0',
23 silly get     connection: 'keep-alive',
23 silly get     'x-served-by': 'cache-hkg6821-HKG',
23 silly get     'x-cache': 'MISS',
23 silly get     'x-cache-hits': '0',
23 silly get     'x-timer': 'S1441027304.102471,VS0,VE183',
23 silly get     vary: 'Accept' } ]
24 verbose get saving hexo to /Users/lionelyoung/.npm/registry.npmjs.org/hexo/.cache.json
25 silly addNameRange number 2 { name: 'hexo', range: '*', hasData: true }
26 silly addNameRange versions [ 'hexo',
26 silly addNameRange   [ '0.0.1',
26 silly addNameRange     '0.0.2',
26 silly addNameRange     '0.0.3',
26 silly addNameRange     '0.0.4',
26 silly addNameRange     '0.0.5',
26 silly addNameRange     '0.0.6',
26 silly addNameRange     '0.1.0',
26 silly addNameRange     '0.1.1',
26 silly addNameRange     '0.1.2',
26 silly addNameRange     '0.1.3',
26 silly addNameRange     '0.1.4',
26 silly addNameRange     '0.1.5',
26 silly addNameRange     '0.1.6',
26 silly addNameRange     '0.1.7',
26 silly addNameRange     '0.1.8',
26 silly addNameRange     '0.1.9',
26 silly addNameRange     '0.1.10',
26 silly addNameRange     '0.1.11',
26 silly addNameRange     '0.2.0',
26 silly addNameRange     '0.2.1',
26 silly addNameRange     '0.3.0',
26 silly addNameRange     '0.3.1',
26 silly addNameRange     '0.3.2',
26 silly addNameRange     '0.4.0',
26 silly addNameRange     '0.4.1',
26 silly addNameRange     '0.4.2',
26 silly addNameRange     '0.4.3',
26 silly addNameRange     '0.4.4',
26 silly addNameRange     '0.4.5',
26 silly addNameRange     '0.5.0',
26 silly addNameRange     '0.5.1',
26 silly addNameRange     '0.5.2',
26 silly addNameRange     '0.5.3',
26 silly addNameRange     '0.5.4',
26 silly addNameRange     '0.5.5',
26 silly addNameRange     '0.5.6',
26 silly addNameRange     '0.5.7',
26 silly addNameRange     '0.5.8',
26 silly addNameRange     '0.5.9',
26 silly addNameRange     '0.5.10',
26 silly addNameRange     '0.5.11',
26 silly addNameRange     '0.5.12',
26 silly addNameRange     '1.0.0',
26 silly addNameRange     '1.0.1',
26 silly addNameRange     '1.0.2',
26 silly addNameRange     '1.0.3',
26 silly addNameRange     '1.0.4',
26 silly addNameRange     '1.0.5',
26 silly addNameRange     '1.0.6',
26 silly addNameRange     '1.0.7',
26 silly addNameRange     '1.0.8',
26 silly addNameRange     '1.0.9',
26 silly addNameRange     '1.1.0',
26 silly addNameRange     '1.1.1',
26 silly addNameRange     '1.1.2',
26 silly addNameRange     '1.1.3',
26 silly addNameRange     '1.1.4',
26 silly addNameRange     '1.2.0',
26 silly addNameRange     '1.2.1',
26 silly addNameRange     '1.2.2',
26 silly addNameRange     '1.2.3',
26 silly addNameRange     '1.2.4',
26 silly addNameRange     '2.0.0-beta2',
26 silly addNameRange     '2.0.0-rc1',
26 silly addNameRange     '2.0.0-rc2',
26 silly addNameRange     '2.0.0-beta1',
26 silly addNameRange     '2.0.0-rc3',
26 silly addNameRange     '2.0.0',
26 silly addNameRange     '2.0.1',
26 silly addNameRange     '2.0.2',
26 silly addNameRange     '2.0.3',
26 silly addNameRange     '2.0.4',
26 silly addNameRange     '2.0.5',
26 silly addNameRange     '2.0.6',
26 silly addNameRange     '2.0.7',
26 silly addNameRange     '2.1.0',
26 silly addNameRange     '2.1.1',
26 silly addNameRange     '2.2.0',
26 silly addNameRange     '2.2.1',
26 silly addNameRange     '2.3.0',
26 silly addNameRange     '2.4.0',
26 silly addNameRange     '2.4.1',
26 silly addNameRange     '2.4.2',
26 silly addNameRange     '2.4.3',
26 silly addNameRange     '2.4.4',
26 silly addNameRange     '2.4.5',
26 silly addNameRange     '2.5.1',
26 silly addNameRange     '2.5.2',
26 silly addNameRange     '2.5.3',
26 silly addNameRange     '2.5.4',
26 silly addNameRange     '2.5.5',
26 silly addNameRange     '2.5.6',
26 silly addNameRange     '2.5.7',
26 silly addNameRange     '2.6.0',
26 silly addNameRange     '2.6.1',
26 silly addNameRange     '2.6.2',
26 silly addNameRange     '2.6.3',
26 silly addNameRange     '2.7.0',
26 silly addNameRange     '2.7.1',
26 silly addNameRange     '2.8.0',
26 silly addNameRange     '2.8.1',
26 silly addNameRange     '2.8.2',
26 silly addNameRange     '2.8.3',
26 silly addNameRange     '3.0.0-beta.1',
26 silly addNameRange     '3.0.0-beta.2',
26 silly addNameRange     '3.0.0-beta.3',
26 silly addNameRange     '3.0.0-beta.4',
26 silly addNameRange     '3.0.0-rc.1',
26 silly addNameRange     '3.0.0-rc.2',
26 silly addNameRange     '3.0.0-rc.3',
26 silly addNameRange     '3.0.0-rc.4',
26 silly addNameRange     '3.0.0',
26 silly addNameRange     '3.0.1',
26 silly addNameRange     '3.1.0',
26 silly addNameRange     '3.1.1' ] ]
27 silly addNamed hexo@3.1.1
28 verbose addNamed "3.1.1" is a plain semver version for hexo
29 silly mapToRegistry name hexo
30 silly mapToRegistry using default registry
31 silly mapToRegistry registry https://registry.npmjs.org/
32 silly mapToRegistry uri https://registry.npmjs.org/hexo
33 verbose addRemoteTarball https://registry.npmjs.org/hexo/-/hexo-3.1.1.tgz not in flight; adding
34 verbose addRemoteTarball [ 'https://registry.npmjs.org/hexo/-/hexo-3.1.1.tgz',
34 verbose addRemoteTarball   '87bf35c65141e4b8af5f1727c3d0a7100e64ece3' ]
35 info retry fetch attempt 1 at 21:21:44
36 info attempt registry request try #1 at 21:21:44
37 http fetch GET https://registry.npmjs.org/hexo/-/hexo-3.1.1.tgz
38 http fetch 200 https://registry.npmjs.org/hexo/-/hexo-3.1.1.tgz
39 silly fetchAndShaCheck shasum 87bf35c65141e4b8af5f1727c3d0a7100e64ece3
40 verbose addTmpTarball /var/folders/_w/2m9q1x5j6gd8tg24ymlgr_3r0000gn/T/npm-56065-a4d5c708/registry.npmjs.org/hexo/-/hexo-3.1.1.tgz not in flight; adding
41 verbose addTmpTarball already have metadata; skipping unpack for hexo@3.1.1
42 silly cache afterAdd hexo@3.1.1
43 verbose afterAdd /Users/lionelyoung/.npm/hexo/3.1.1/package/package.json not in flight; writing
44 verbose afterAdd /Users/lionelyoung/.npm/hexo/3.1.1/package/package.json written
45 silly install resolved [ { name: 'hexo',
45 silly install resolved     version: '3.1.1',
45 silly install resolved     description: 'A fast, simple & powerful blog framework, powered by Node.js.',
45 silly install resolved     main: 'lib/hexo',
45 silly install resolved     bin: { hexo: './bin/hexo' },
45 silly install resolved     scripts: { test: 'gulp test' },
45 silly install resolved     directories: { lib: './lib', bin: './bin' },
45 silly install resolved     engines: { node: '>= 0.10.0' },
45 silly install resolved     repository: { type: 'git', url: 'https://github.com/hexojs/hexo' },
45 silly install resolved     homepage: 'http://hexo.io/',
45 silly install resolved     keywords: [ 'website', 'blog', 'cms', 'framework', 'hexo' ],
45 silly install resolved     author:
45 silly install resolved      { name: 'Tommy Chen',
45 silly install resolved        email: 'tommy351@gmail.com',
45 silly install resolved        url: 'http://zespia.tw' },
45 silly install resolved     license: 'MIT',
45 silly install resolved     dependencies:
45 silly install resolved      { abbrev: '^1.0.5',
45 silly install resolved        archy: '^1.0.0',
45 silly install resolved        bluebird: '^2.9.8',
45 silly install resolved        bunyan: '^1.3.3',
45 silly install resolved        chalk: '^1.0.0',
45 silly install resolved        cheerio: '^0.19.0',
45 silly install resolved        'hexo-cli': '^0.1.6',
45 silly install resolved        'hexo-front-matter': '^0.2.1',
45 silly install resolved        'hexo-fs': '^0.1.3',
45 silly install resolved        'hexo-i18n': '^0.2.1',
45 silly install resolved        'hexo-util': '^0.1.7',
45 silly install resolved        'js-yaml': '^3.2.5',
45 silly install resolved        lodash: '^3.2.0',
45 silly install resolved        minimatch: '^2.0.1',
45 silly install resolved        moment: '~2.10.3',
45 silly install resolved        'moment-timezone': '^0.3.0',
45 silly install resolved        nunjucks: '^1.3.3',
45 silly install resolved        'pretty-hrtime': '^1.0.0',
45 silly install resolved        'strip-indent': '^1.0.0',
45 silly install resolved        swig: '1.4.2',
45 silly install resolved        'swig-extras': '0.0.1',
45 silly install resolved        'text-table': '^0.2.0',
45 silly install resolved        through2: '^1.1.1',
45 silly install resolved        tildify: '^1.0.0',
45 silly install resolved        titlecase: '^1.0.2',
45 silly install resolved        warehouse: '^1.0.2' },
45 silly install resolved     devDependencies:
45 silly install resolved      { chai: '^2.2.0',
45 silly install resolved        coveralls: '^2.11.2',
45 silly install resolved        del: '^1.1.1',
45 silly install resolved        gulp: '^3.8.9',
45 silly install resolved        'gulp-istanbul': '^0.9.0',
45 silly install resolved        'gulp-jshint': '^1.8.6',
45 silly install resolved        'gulp-load-plugins': '^0.10.0',
45 silly install resolved        'gulp-mocha': '^2.0.0',
45 silly install resolved        'hexo-renderer-marked': '^0.2.3',
45 silly install resolved        'jshint-stylish': '^1.0.0',
45 silly install resolved        mocha: '^2.0.1',
45 silly install resolved        sinon: '^1.12.2' },
45 silly install resolved     gitHead: 'c8a503dc57f4cb14c7e8eebcbe0cd2087e4bb21e',
45 silly install resolved     bugs: { url: 'https://github.com/hexojs/hexo/issues' },
45 silly install resolved     _id: 'hexo@3.1.1',
45 silly install resolved     _shasum: '87bf35c65141e4b8af5f1727c3d0a7100e64ece3',
45 silly install resolved     _from: 'hexo@*',
45 silly install resolved     _npmVersion: '2.5.1',
45 silly install resolved     _nodeVersion: '0.12.0',
45 silly install resolved     _npmUser: { name: 'tommy351', email: 'tommy351@gmail.com' },
45 silly install resolved     maintainers: [ [Object] ],
45 silly install resolved     dist:
45 silly install resolved      { shasum: '87bf35c65141e4b8af5f1727c3d0a7100e64ece3',
45 silly install resolved        tarball: 'http://registry.npmjs.org/hexo/-/hexo-3.1.1.tgz' },
45 silly install resolved     _resolved: 'https://registry.npmjs.org/hexo/-/hexo-3.1.1.tgz' } ]
46 info install hexo@3.1.1 into /usr/local/lib
47 info installOne hexo@3.1.1
48 verbose installOne of hexo to /usr/local/lib not in flight; installing
49 verbose lock using /Users/lionelyoung/.npm/_locks/hexo-eabe9ea76eaf84ee.lock for /usr/local/lib/node_modules/hexo
50 silly install write writing hexo 3.1.1 to /usr/local/lib/node_modules/hexo
51 verbose unbuild lib/node_modules/hexo
52 silly gentlyRm /usr/local/lib/node_modules/hexo is being purged from base /usr/local
53 verbose gentlyRm don't care about contents; nuking /usr/local/lib/node_modules/hexo
54 verbose tar unpack /Users/lionelyoung/.npm/hexo/3.1.1/package.tgz
55 verbose tar unpacking to /usr/local/lib/node_modules/hexo
56 silly gentlyRm /usr/local/lib/node_modules/hexo is being purged
57 verbose gentlyRm don't care about contents; nuking /usr/local/lib/node_modules/hexo
58 silly gunzTarPerm modes [ '755', '644' ]
59 error tar.unpack untar error /Users/lionelyoung/.npm/hexo/3.1.1/package.tgz
60 verbose unlock done using /Users/lionelyoung/.npm/_locks/hexo-eabe9ea76eaf84ee.lock for /usr/local/lib/node_modules/hexo
61 verbose fstream_path /usr/local/lib/node_modules/hexo
62 verbose fstream_type Directory
63 verbose fstream_class DirWriter
64 verbose stack Error: EACCES, mkdir '/usr/local/lib/node_modules/hexo'
64 verbose stack     at Error (native)
65 verbose fstream_stack /usr/local/lib/node_modules/npm/node_modules/fstream/lib/dir-writer.js:35:25
65 verbose fstream_stack /usr/local/lib/node_modules/npm/node_modules/mkdirp/index.js:47:53
65 verbose fstream_stack FSReqWrap.oncomplete (fs.js:95:15)
66 verbose cwd /Users/lionelyoung/Ruby/lcy_blog
67 error Darwin 14.3.0
68 error argv "node" "/usr/local/bin/npm" "install" "-g" "hexo"
69 error node v0.12.7
70 error npm  v2.11.3
71 error path /usr/local/lib/node_modules/hexo
72 error code EACCES
73 error errno -13
74 error Error: EACCES, mkdir '/usr/local/lib/node_modules/hexo'
74 error     at Error (native)
74 error  { [Error: EACCES, mkdir '/usr/local/lib/node_modules/hexo']
74 error   errno: -13,
74 error   code: 'EACCES',
74 error   path: '/usr/local/lib/node_modules/hexo',
74 error   fstream_type: 'Directory',
74 error   fstream_path: '/usr/local/lib/node_modules/hexo',
74 error   fstream_class: 'DirWriter',
74 error   fstream_stack:
74 error    [ '/usr/local/lib/node_modules/npm/node_modules/fstream/lib/dir-writer.js:35:25',
74 error      '/usr/local/lib/node_modules/npm/node_modules/mkdirp/index.js:47:53',
74 error      'FSReqWrap.oncomplete (fs.js:95:15)' ] }
75 error Please try running this command again as root/Administrator.
76 verbose exit [ -13, true ]
77 verbose unbuild lib/node_modules/hexo
78 silly gentlyRm /usr/local/lib/node_modules/hexo is being purged from base /usr/local
79 verbose gentlyRm don't care about contents; nuking /usr/local/lib/node_modules/hexo
